

================================================================
== Vivado HLS Report for 'p_hls_fptosi_float_i'
================================================================
* Date:           Fri Dec 22 13:47:13 2023

* Version:        2019.1 (Build 2552052 on Fri May 24 15:28:33 MDT 2019)
* Project:        lab2
* Solution:       solution1
* Product family: artix7
* Target device:  xc7a100t-csg324-1


================================================================
== Performance Estimates
================================================================
+ Timing (ns): 
    * Summary: 
    +--------+-------+----------+------------+
    |  Clock | Target| Estimated| Uncertainty|
    +--------+-------+----------+------------+
    |ap_clk  |  10.00|     7.287|        1.25|
    +--------+-------+----------+------------+

+ Latency (clock cycles): 
    * Summary: 
    +-----+-----+-----+-----+---------+
    |  Latency  |  Interval | Pipeline|
    | min | max | min | max |   Type  |
    +-----+-----+-----+-----+---------+
    |    1|    1|    1|    1|   none  |
    +-----+-----+-----+-----+---------+

    + Detail: 
        * Instance: 
        N/A

        * Loop: 
        N/A



================================================================
== Utilization Estimates
================================================================
* Summary: 
+-----------------+---------+-------+--------+-------+-----+
|       Name      | BRAM_18K| DSP48E|   FF   |  LUT  | URAM|
+-----------------+---------+-------+--------+-------+-----+
|DSP              |        -|      -|       -|      -|    -|
|Expression       |        -|      -|       0|    459|    -|
|FIFO             |        -|      -|       -|      -|    -|
|Instance         |        -|      -|       -|      -|    -|
|Memory           |        -|      -|       -|      -|    -|
|Multiplexer      |        -|      -|       -|     15|    -|
|Register         |        -|      -|      35|      -|    -|
+-----------------+---------+-------+--------+-------+-----+
|Total            |        0|      0|      35|    474|    0|
+-----------------+---------+-------+--------+-------+-----+
|Available        |      270|    240|  126800|  63400|    0|
+-----------------+---------+-------+--------+-------+-----+
|Utilization (%)  |        0|      0|   ~0   |   ~0  |    0|
+-----------------+---------+-------+--------+-------+-----+

+ Detail: 
    * Instance: 
    N/A

    * DSP48E: 
    N/A

    * Memory: 
    N/A

    * FIFO: 
    N/A

    * Expression: 
    +----------------------+----------+-------+---+-----+------------+------------+
    |     Variable Name    | Operation| DSP48E| FF| LUT | Bitwidth P0| Bitwidth P1|
    +----------------------+----------+-------+---+-----+------------+------------+
    |add_ln339_fu_88_p2    |     +    |      0|  0|   16|           8|           9|
    |result_V_1_fu_174_p2  |     -    |      0|  0|   39|           1|          32|
    |sub_ln1311_fu_102_p2  |     -    |      0|  0|   15|           7|           8|
    |r_V_fu_132_p2         |   lshr   |      0|  0|   73|          25|          25|
    |ap_return             |  select  |      0|  0|   32|           1|          32|
    |p_Val2_5_fu_166_p3    |  select  |      0|  0|   32|           1|          32|
    |ush_fu_112_p3         |  select  |      0|  0|    9|           1|           9|
    |r_V_1_fu_138_p2       |    shl   |      0|  0|  243|          79|          79|
    +----------------------+----------+-------+---+-----+------------+------------+
    |Total                 |          |      0|  0|  459|         123|         226|
    +----------------------+----------+-------+---+-----+------------+------------+

    * Multiplexer: 
    +-----------+----+-----------+-----+-----------+
    |    Name   | LUT| Input Size| Bits| Total Bits|
    +-----------+----+-----------+-----+-----------+
    |ap_NS_fsm  |  15|          3|    1|          3|
    +-----------+----+-----------+-----+-----------+
    |Total      |  15|          3|    1|          3|
    +-----------+----+-----------+-----+-----------+

    * Register: 
    +--------------------+----+----+-----+-----------+
    |        Name        | FF | LUT| Bits| Const Bits|
    +--------------------+----+----+-----+-----------+
    |ap_CS_fsm           |   2|   0|    2|          0|
    |p_Result_s_reg_185  |   1|   0|    1|          0|
    |p_Val2_5_reg_190    |  32|   0|   32|          0|
    +--------------------+----+----+-----+-----------+
    |Total               |  35|   0|   35|          0|
    +--------------------+----+----+-----+-----------+



================================================================
== Interface
================================================================
* Summary: 
+-----------+-----+-----+------------+----------------------+--------------+
| RTL Ports | Dir | Bits|  Protocol  |     Source Object    |    C Type    |
+-----------+-----+-----+------------+----------------------+--------------+
|ap_clk     |  in |    1| ap_ctrl_hs | __hls_fptosi_float_i | return value |
|ap_rst     |  in |    1| ap_ctrl_hs | __hls_fptosi_float_i | return value |
|ap_start   |  in |    1| ap_ctrl_hs | __hls_fptosi_float_i | return value |
|ap_done    | out |    1| ap_ctrl_hs | __hls_fptosi_float_i | return value |
|ap_idle    | out |    1| ap_ctrl_hs | __hls_fptosi_float_i | return value |
|ap_ready   | out |    1| ap_ctrl_hs | __hls_fptosi_float_i | return value |
|ap_return  | out |   32| ap_ctrl_hs | __hls_fptosi_float_i | return value |
|x          |  in |   32|   ap_none  |           x          |    scalar    |
+-----------+-----+-----+------------+----------------------+--------------+

