INFO: [VRFC 10-2263] Analyzing Verilog file "E:/SoC/lab3/lab3.ip_user_files/bd/lab1_design/ip/lab1_design_lmb_bram_0/sim/lab1_design_lmb_bram_0.v" into library xil_defaultlib
INFO: [VRFC 10-311] analyzing module lab1_design_lmb_bram_0
INFO: [VRFC 10-2263] Analyzing Verilog file "E:/SoC/lab3/lab3.ip_user_files/bd/lab1_design/ip/lab1_design_clk_wiz_1_0/lab1_design_clk_wiz_1_0_clk_wiz.v" into library xil_defaultlib
INFO: [VRFC 10-311] analyzing module lab1_design_clk_wiz_1_0_clk_wiz
INFO: [VRFC 10-2263] Analyzing Verilog file "E:/SoC/lab3/lab3.ip_user_files/bd/lab1_design/ip/lab1_design_clk_wiz_1_0/lab1_design_clk_wiz_1_0.v" into library xil_defaultlib
INFO: [VRFC 10-311] analyzing module lab1_design_clk_wiz_1_0
INFO: [VRFC 10-2263] Analyzing Verilog file "E:/SoC/lab3/lab3.ip_user_files/bd/lab1_design/ip/lab1_design_xbar_0/sim/lab1_design_xbar_0.v" into library xil_defaultlib
INFO: [VRFC 10-311] analyzing module lab1_design_xbar_0
INFO: [VRFC 10-2263] Analyzing Verilog file "E:/SoC/lab3/lab3.ip_user_files/bd/lab1_design/ip/lab1_design_reset_inv_0_0/sim/lab1_design_reset_inv_0_0.v" into library xil_defaultlib
INFO: [VRFC 10-311] analyzing module lab1_design_reset_inv_0_0
INFO: [VRFC 10-2263] Analyzing Verilog file "E:/SoC/lab3/lab3.ip_user_files/bd/lab1_design/sim/lab1_design.v" into library xil_defaultlib
INFO: [VRFC 10-311] analyzing module lab1_design
INFO: [VRFC 10-311] analyzing module lab1_design_microblaze_0_axi_periph_0
INFO: [VRFC 10-311] analyzing module m00_couplers_imp_DU7Y7O
INFO: [VRFC 10-311] analyzing module m01_couplers_imp_1CCBB6Y
INFO: [VRFC 10-311] analyzing module m02_couplers_imp_1N51ABT
INFO: [VRFC 10-311] analyzing module microblaze_0_local_memory_imp_1LZOHT1
INFO: [VRFC 10-311] analyzing module s00_couplers_imp_1PKAX2C
INFO: [VRFC 10-2263] Analyzing Verilog file "E:/SoC/lab3/lab3.srcs/sources_1/bd/lab1_design/ipshared/3028/hdl/verilog/getFilterOut_AXILiteS_s_axi.v" into library xil_defaultlib
INFO: [VRFC 10-311] analyzing module getFilterOut_AXILiteS_s_axi
INFO: [VRFC 10-311] analyzing module getFilterOut_AXILiteS_s_axi_ram
INFO: [VRFC 10-2263] Analyzing Verilog file "E:/SoC/lab3/lab3.srcs/sources_1/bd/lab1_design/ipshared/3028/hdl/verilog/getFilterOut_faddbkb.v" into library xil_defaultlib
INFO: [VRFC 10-311] analyzing module getFilterOut_faddbkb
INFO: [VRFC 10-2263] Analyzing Verilog file "E:/SoC/lab3/lab3.srcs/sources_1/bd/lab1_design/ipshared/3028/hdl/verilog/getFilterOut_fdivdEe.v" into library xil_defaultlib
INFO: [VRFC 10-311] analyzing module getFilterOut_fdivdEe
INFO: [VRFC 10-2263] Analyzing Verilog file "E:/SoC/lab3/lab3.srcs/sources_1/bd/lab1_design/ipshared/3028/hdl/verilog/getFilterOut_fmulcud.v" into library xil_defaultlib
INFO: [VRFC 10-311] analyzing module getFilterOut_fmulcud
INFO: [VRFC 10-2263] Analyzing Verilog file "E:/SoC/lab3/lab3.srcs/sources_1/bd/lab1_design/ipshared/3028/hdl/verilog/getFilterOut_sitoeOg.v" into library xil_defaultlib
INFO: [VRFC 10-311] analyzing module getFilterOut_sitoeOg
INFO: [VRFC 10-2263] Analyzing Verilog file "E:/SoC/lab3/lab3.srcs/sources_1/bd/lab1_design/ipshared/3028/hdl/verilog/p_hls_fptosi_float_i.v" into library xil_defaultlib
INFO: [VRFC 10-311] analyzing module p_hls_fptosi_float_i
INFO: [VRFC 10-2263] Analyzing Verilog file "E:/SoC/lab3/lab3.srcs/sources_1/bd/lab1_design/ipshared/3028/hdl/verilog/getFilterOut.v" into library xil_defaultlib
INFO: [VRFC 10-311] analyzing module getFilterOut
INFO: [VRFC 10-2263] Analyzing Verilog file "E:/SoC/lab3/lab3.srcs/sources_1/bd/lab1_design/hdl/lab1_design_wrapper.v" into library xil_defaultlib
INFO: [VRFC 10-311] analyzing module lab1_design_wrapper
INFO: [VRFC 10-2263] Analyzing Verilog file "E:/SoC/lab3/lab3.srcs/sim_1/new/dev_tb.v" into library xil_defaultlib
INFO: [VRFC 10-311] analyzing module dev_tb
INFO: [VRFC 10-2263] Analyzing Verilog file "E:/SoC/lab3/lab3.sim/sim_1/behav/xsim/glbl.v" into library xil_defaultlib
INFO: [VRFC 10-311] analyzing module glbl
INFO: [VRFC 10-163] Analyzing VHDL file "E:/SoC/lab3/lab3.ip_user_files/bd/lab1_design/ip/lab1_design_microblaze_0_0/sim/lab1_design_microblaze_0_0.vhd" into library xil_defaultlib
INFO: [VRFC 10-3107] analyzing entity 'lab1_design_microblaze_0_0'
INFO: [VRFC 10-163] Analyzing VHDL file "E:/SoC/lab3/lab3.ip_user_files/bd/lab1_design/ip/lab1_design_axi_gpio_0_0/sim/lab1_design_axi_gpio_0_0.vhd" into library xil_defaultlib
INFO: [VRFC 10-3107] analyzing entity 'lab1_design_axi_gpio_0_0'
INFO: [VRFC 10-163] Analyzing VHDL file "E:/SoC/lab3/lab3.ip_user_files/bd/lab1_design/ip/lab1_design_axi_uartlite_0_0/sim/lab1_design_axi_uartlite_0_0.vhd" into library xil_defaultlib
INFO: [VRFC 10-3107] analyzing entity 'lab1_design_axi_uartlite_0_0'
INFO: [VRFC 10-163] Analyzing VHDL file "E:/SoC/lab3/lab3.ip_user_files/bd/lab1_design/ip/lab1_design_dlmb_v10_0/sim/lab1_design_dlmb_v10_0.vhd" into library xil_defaultlib
INFO: [VRFC 10-3107] analyzing entity 'lab1_design_dlmb_v10_0'
INFO: [VRFC 10-163] Analyzing VHDL file "E:/SoC/lab3/lab3.ip_user_files/bd/lab1_design/ip/lab1_design_ilmb_v10_0/sim/lab1_design_ilmb_v10_0.vhd" into library xil_defaultlib
INFO: [VRFC 10-3107] analyzing entity 'lab1_design_ilmb_v10_0'
INFO: [VRFC 10-163] Analyzing VHDL file "E:/SoC/lab3/lab3.ip_user_files/bd/lab1_design/ip/lab1_design_dlmb_bram_if_cntlr_0/sim/lab1_design_dlmb_bram_if_cntlr_0.vhd" into library xil_defaultlib
INFO: [VRFC 10-3107] analyzing entity 'lab1_design_dlmb_bram_if_cntlr_0'
INFO: [VRFC 10-163] Analyzing VHDL file "E:/SoC/lab3/lab3.ip_user_files/bd/lab1_design/ip/lab1_design_ilmb_bram_if_cntlr_0/sim/lab1_design_ilmb_bram_if_cntlr_0.vhd" into library xil_defaultlib
INFO: [VRFC 10-3107] analyzing entity 'lab1_design_ilmb_bram_if_cntlr_0'
INFO: [VRFC 10-163] Analyzing VHDL file "E:/SoC/lab3/lab3.ip_user_files/bd/lab1_design/ip/lab1_design_mdm_1_0/sim/lab1_design_mdm_1_0.vhd" into library xil_defaultlib
INFO: [VRFC 10-3107] analyzing entity 'lab1_design_mdm_1_0'
INFO: [VRFC 10-163] Analyzing VHDL file "E:/SoC/lab3/lab3.ip_user_files/bd/lab1_design/ip/lab1_design_rst_clk_wiz_1_100M_0/sim/lab1_design_rst_clk_wiz_1_100M_0.vhd" into library xil_defaultlib
INFO: [VRFC 10-3107] analyzing entity 'lab1_design_rst_clk_wiz_1_100M_0'
INFO: [VRFC 10-163] Analyzing VHDL file "E:/SoC/lab3/lab3.srcs/sources_1/bd/lab1_design/ipshared/3028/hdl/ip/getFilterOut_ap_fadd_3_full_dsp_32.vhd" into library xil_defaultlib
INFO: [VRFC 10-3107] analyzing entity 'getFilterOut_ap_fadd_3_full_dsp_32'
INFO: [VRFC 10-163] Analyzing VHDL file "E:/SoC/lab3/lab3.srcs/sources_1/bd/lab1_design/ipshared/3028/hdl/ip/getFilterOut_ap_fdiv_14_no_dsp_32.vhd" into library xil_defaultlib
INFO: [VRFC 10-3107] analyzing entity 'getFilterOut_ap_fdiv_14_no_dsp_32'
INFO: [VRFC 10-163] Analyzing VHDL file "E:/SoC/lab3/lab3.srcs/sources_1/bd/lab1_design/ipshared/3028/hdl/ip/getFilterOut_ap_fmul_2_max_dsp_32.vhd" into library xil_defaultlib
INFO: [VRFC 10-3107] analyzing entity 'getFilterOut_ap_fmul_2_max_dsp_32'
INFO: [VRFC 10-163] Analyzing VHDL file "E:/SoC/lab3/lab3.srcs/sources_1/bd/lab1_design/ipshared/3028/hdl/ip/getFilterOut_ap_sitofp_4_no_dsp_32.vhd" into library xil_defaultlib
INFO: [VRFC 10-3107] analyzing entity 'getFilterOut_ap_sitofp_4_no_dsp_32'
INFO: [VRFC 10-163] Analyzing VHDL file "E:/SoC/lab3/lab3.ip_user_files/bd/lab1_design/ip/lab1_design_getFilterOut_0_2/sim/lab1_design_getFilterOut_0_2.vhd" into library xil_defaultlib
INFO: [VRFC 10-3107] analyzing entity 'lab1_design_getFilterOut_0_2'
