02:09:00 INFO  : Registering command handlers for SDK TCF services
02:09:01 INFO  : Launching XSCT server: xsct.bat -interactive C:\Users\User\ITMO\SoC\lab1\lab1.sdk\temp_xsdb_launch_script.tcl
02:09:06 INFO  : XSCT server has started successfully.
02:09:13 INFO  : Successfully done setting XSCT server connection channel  
02:09:13 INFO  : Successfully done setting SDK workspace  
02:09:13 INFO  : Processing command line option -hwspec C:/Users/User/ITMO/SoC/lab1/lab1.sdk/lab1_design_wrapper.hdf.
03:12:57 INFO  : SDK has detected change in the last modified timestamps for source hardware specification file Source:1694736775363,  Project:1694732847471
03:12:57 INFO  : Project lab1_design_wrapper_hw_platform_0's source hardware specification located at C:/Users/User/ITMO/SoC/lab1/lab1.sdk/lab1_design_wrapper.hdf is now different from the local copy.
		 The local copy will be replaced with the source specification and your workspace will be updated.
03:13:18 INFO  : Copied contents of C:/Users/User/ITMO/SoC/lab1/lab1.sdk/lab1_design_wrapper.hdf into \lab1_design_wrapper_hw_platform_0\system.hdf.
03:13:19 INFO  : Synchronizing projects in the workspace with the hardware platform specification changes.
03:13:22 INFO  : 
03:13:23 INFO  : Updating hardware inferred compiler options for FIR_filter.
03:13:23 INFO  : Clearing existing target manager status.
03:13:23 INFO  : Closing and re-opening the MSS file of ther project FIR_filter_bsp
03:13:23 INFO  : Closing and re-opening the MSS file of ther project FIR_filter_bsp
03:13:24 INFO  : Workspace synchronized with the new hardware specification file. Cleaning dependent projects...
03:13:25 WARN  : Linker script will not be updated automatically. Users need to update it manually.
13:17:19 INFO  : SDK has detected change in the last modified timestamps for source hardware specification file Source:1694773037970,  Project:1694736775363
13:17:19 INFO  : Project lab1_design_wrapper_hw_platform_0's source hardware specification located at C:/Users/User/ITMO/SoC/lab1/lab1.sdk/lab1_design_wrapper.hdf is now different from the local copy.
		 The local copy will be replaced with the source specification and your workspace will be updated.
13:17:21 INFO  : Copied contents of C:/Users/User/ITMO/SoC/lab1/lab1.sdk/lab1_design_wrapper.hdf into \lab1_design_wrapper_hw_platform_0\system.hdf.
13:17:21 INFO  : Synchronizing projects in the workspace with the hardware platform specification changes.
13:17:26 INFO  : 
13:17:27 INFO  : Updating hardware inferred compiler options for FIR_filter.
13:17:27 INFO  : Clearing existing target manager status.
13:17:27 INFO  : Closing and re-opening the MSS file of ther project FIR_filter_bsp
13:17:27 INFO  : Workspace synchronized with the new hardware specification file. Cleaning dependent projects...
13:17:28 WARN  : Linker script will not be updated automatically. Users need to update it manually.
14:32:09 INFO  : Registering command handlers for SDK TCF services
14:32:10 INFO  : Launching XSCT server: xsct.bat -interactive C:\Users\User\ITMO\SoC\lab1\lab1.sdk\temp_xsdb_launch_script.tcl
14:32:15 INFO  : XSCT server has started successfully.
14:32:20 INFO  : Successfully done setting XSCT server connection channel  
14:32:20 INFO  : Successfully done setting SDK workspace  
14:32:20 INFO  : Processing command line option -hwspec C:/Users/User/ITMO/SoC/lab1/lab1.sdk/lab1_design_wrapper.hdf.
14:32:21 INFO  : Checking for hwspec changes in the project lab1_design_wrapper_hw_platform_0.
21:35:25 INFO  : Registering command handlers for SDK TCF services
21:35:25 INFO  : Launching XSCT server: xsct.bat -interactive C:\Users\User\ITMO\SoC\lab1\lab1.sdk\temp_xsdb_launch_script.tcl
21:35:30 INFO  : XSCT server has started successfully.
21:35:30 INFO  : Successfully done setting XSCT server connection channel  
21:35:35 INFO  : Successfully done setting SDK workspace  
21:35:35 INFO  : Processing command line option -hwspec C:/Users/User/ITMO/SoC/lab1/lab1.sdk/lab1_design_wrapper.hdf.
21:35:35 INFO  : Checking for hwspec changes in the project lab1_design_wrapper_hw_platform_0.
16:34:30 INFO  : Registering command handlers for SDK TCF services
16:34:31 INFO  : Launching XSCT server: xsct.bat -interactive C:\Users\User\ITMO\SoC\lab1\lab1.sdk\temp_xsdb_launch_script.tcl
16:34:35 INFO  : XSCT server has started successfully.
16:34:35 INFO  : Successfully done setting XSCT server connection channel  
16:34:40 INFO  : Successfully done setting SDK workspace  
16:34:40 INFO  : Processing command line option -hwspec C:/Users/User/ITMO/SoC/lab1/lab1.sdk/lab1_design_wrapper.hdf.
16:34:44 INFO  : Checking for hwspec changes in the project lab1_design_wrapper_hw_platform_0.
16:34:44 INFO  : SDK has detected change in the last modified timestamps for source hardware specification file Source:1699018435907,  Project:1694773037970
16:34:44 INFO  : The hardware specification for project 'lab1_design_wrapper_hw_platform_0' is different from C:/Users/User/ITMO/SoC/lab1/lab1.sdk/lab1_design_wrapper.hdf.
16:34:44 INFO  : Copied contents of C:/Users/User/ITMO/SoC/lab1/lab1.sdk/lab1_design_wrapper.hdf into \lab1_design_wrapper_hw_platform_0\system.hdf.
16:34:44 INFO  : Synchronizing projects in the workspace with the hardware platform specification changes.
16:34:47 INFO  : 
16:34:56 INFO  : Updating hardware inferred compiler options for FIR_filter.
16:34:56 INFO  : Clearing existing target manager status.
16:49:22 INFO  : SDK has detected change in the last modified timestamps for source hardware specification file Source:1699019359380,  Project:1699018435907
16:49:22 INFO  : Project lab1_design_wrapper_hw_platform_0's source hardware specification located at C:/Users/User/ITMO/SoC/lab1/lab1.sdk/lab1_design_wrapper.hdf is now different from the local copy.
		 The local copy will be replaced with the source specification and your workspace will be updated.
17:00:35 INFO  : Copied contents of C:/Users/User/ITMO/SoC/lab1/lab1.sdk/lab1_design_wrapper.hdf into \lab1_design_wrapper_hw_platform_0\system.hdf.
17:00:35 INFO  : Synchronizing projects in the workspace with the hardware platform specification changes.
17:00:37 INFO  : 
17:00:38 INFO  : Updating hardware inferred compiler options for FIR_filter.
17:00:38 INFO  : Clearing existing target manager status.
13:12:59 INFO  : Registering command handlers for SDK TCF services
13:13:00 INFO  : Launching XSCT server: xsct.bat -interactive C:\Users\User\ITMO\SoC\lab1\lab1.sdk\temp_xsdb_launch_script.tcl
13:13:04 INFO  : XSCT server has started successfully.
13:13:09 INFO  : Successfully done setting XSCT server connection channel  
13:13:09 INFO  : Processing command line option -hwspec C:/Users/User/ITMO/SoC/lab1/lab1.sdk/lab1_design_wrapper.hdf.
13:13:09 INFO  : Successfully done setting SDK workspace  
13:13:09 INFO  : Checking for hwspec changes in the project lab1_design_wrapper_hw_platform_0.
15:19:19 INFO  : Registering command handlers for SDK TCF services
15:19:20 INFO  : Launching XSCT server: xsct.bat -interactive E:\SoC\lab1\lab1.sdk\temp_xsdb_launch_script.tcl
15:19:24 INFO  : XSCT server has started successfully.
15:19:24 INFO  : Successfully done setting XSCT server connection channel  
15:19:25 INFO  : Successfully done setting SDK workspace  
15:19:25 INFO  : Processing command line option -hwspec E:/SoC/lab1/lab1.sdk/lab1_design_wrapper.hdf.
15:20:57 INFO  : Registering command handlers for SDK TCF services
15:20:57 INFO  : Launching XSCT server: xsct.bat -interactive E:\SoC\lab1\lab1.sdk\temp_xsdb_launch_script.tcl
15:21:00 INFO  : XSCT server has started successfully.
15:21:01 INFO  : Successfully done setting XSCT server connection channel  
15:21:01 INFO  : Successfully done setting SDK workspace  
15:21:01 INFO  : Processing command line option -hwspec E:/SoC/lab1/lab1.sdk/lab1_design_wrapper.hdf.
15:21:01 INFO  : Checking for hwspec changes in the project lab1_design_wrapper_hw_platform_1.
03:37:47 INFO  : Registering command handlers for SDK TCF services
03:37:48 INFO  : Launching XSCT server: xsct.bat -interactive E:\SoC\lab1\lab1.sdk\temp_xsdb_launch_script.tcl
03:37:53 INFO  : XSCT server has started successfully.
03:37:58 INFO  : Successfully done setting XSCT server connection channel  
03:37:58 INFO  : Successfully done setting SDK workspace  
03:37:58 INFO  : Processing command line option -hwspec E:/SoC/lab1/lab1.sdk/lab1_design_wrapper.hdf.
03:37:58 INFO  : Checking for hwspec changes in the project lab1_design_wrapper_hw_platform_1.
11:10:22 INFO  : Registering command handlers for SDK TCF services
11:10:23 INFO  : Launching XSCT server: xsct.bat -interactive E:\SoC\lab1\lab1.sdk\temp_xsdb_launch_script.tcl
11:10:26 INFO  : XSCT server has started successfully.
11:10:26 INFO  : Successfully done setting XSCT server connection channel  
11:10:27 INFO  : Successfully done setting SDK workspace  
11:10:27 INFO  : Processing command line option -hwspec E:/SoC/lab1/lab1.sdk/lab1_design_wrapper.hdf.
11:10:27 INFO  : Checking for hwspec changes in the project lab1_design_wrapper_hw_platform_1.
