#-----------------------------------------------------------
# Webtalk v2019.1 (64-bit)
# SW Build 2552052 on Fri May 24 14:49:42 MDT 2019
# 
# Start of session at: Fri Sep 15 15:53:34 2023
# Process ID: 9160
# Current directory: C:/Users/User/ITMO/SoC/lab1/lab1.sdk/webtalk
# Command line: wbtcv.exe -mode batch -source sdk_webtalk.tcl
# Log file: C:/Users/User/ITMO/SoC/lab1/lab1.sdk/webtalk/webtalk.log
# Journal file: C:/Users/User/ITMO/SoC/lab1/lab1.sdk/webtalk\webtalk.jou
#-----------------------------------------------------------
source sdk_webtalk.tcl
# webtalk_init -webtalk_dir C:\\Users\\User\\ITMO\\SoC\\lab1\\lab1.sdk\\webtalk
# webtalk_register_client -client project
# webtalk_add_data -client project -key date_generated -value "2023-09-15 15:53:32" -context "software_version_and_target_device"
# webtalk_add_data -client project -key product_version -value "SDK v2019.1" -context "software_version_and_target_device"
# webtalk_add_data -client project -key build_version -value "2019.1" -context "software_version_and_target_device"
# webtalk_add_data -client project -key os_platform -value "amd64" -context "software_version_and_target_device"
# webtalk_add_data -client project -key registration_id -value "" -context "software_version_and_target_device"
# webtalk_add_data -client project -key tool_flow -value "SDK" -context "software_version_and_target_device"
# webtalk_add_data -client project -key beta -value "false" -context "software_version_and_target_device"
# webtalk_add_data -client project -key route_design -value "NA" -context "software_version_and_target_device"
# webtalk_add_data -client project -key target_family -value "NA" -context "software_version_and_target_device"
# webtalk_add_data -client project -key target_device -value "NA" -context "software_version_and_target_device"
# webtalk_add_data -client project -key target_package -value "NA" -context "software_version_and_target_device"
# webtalk_add_data -client project -key target_speed -value "NA" -context "software_version_and_target_device"
# webtalk_add_data -client project -key random_id -value "sshl6ujhnaop7qhhefusg04d6e" -context "software_version_and_target_device"
# webtalk_add_data -client project -key project_id -value "2019.1_1" -context "software_version_and_target_device"
# webtalk_add_data -client project -key project_iteration -value "1" -context "software_version_and_target_device"
# webtalk_add_data -client project -key os_name -value "Microsoft Windows 8 or later , 64-bit" -context "user_environment"
# webtalk_add_data -client project -key os_release -value "major release  (build 9200)" -context "user_environment"
# webtalk_add_data -client project -key cpu_name -value "Intel(R) Core(TM) i5-1035G1 CPU @ 1.00GHz" -context "user_environment"
# webtalk_add_data -client project -key cpu_speed -value "1190 MHz" -context "user_environment"
# webtalk_add_data -client project -key total_processors -value "1" -context "user_environment"
# webtalk_add_data -client project -key system_ram -value "8.370 GB" -context "user_environment"
# webtalk_register_client -client sdk
# webtalk_add_data -client sdk -key uid -value "1694732959739" -context "sdk\\\\hardware/1694732959739"
# webtalk_add_data -client sdk -key isZynq -value "false" -context "sdk\\\\hardware/1694732959739"
# webtalk_add_data -client sdk -key isZynqMP -value "false" -context "sdk\\\\hardware/1694732959739"
# webtalk_add_data -client sdk -key Processors -value "1" -context "sdk\\\\hardware/1694732959739"
# webtalk_add_data -client sdk -key VivadoVersion -value "2019.1" -context "sdk\\\\hardware/1694732959739"
# webtalk_add_data -client sdk -key Arch -value "artix7" -context "sdk\\\\hardware/1694732959739"
# webtalk_add_data -client sdk -key Device -value "7a100t" -context "sdk\\\\hardware/1694732959739"
# webtalk_add_data -client sdk -key IsHandoff -value "true" -context "sdk\\\\hardware/1694732959739"
# webtalk_add_data -client sdk -key os -value "NA" -context "sdk\\\\hardware/1694732959739"
# webtalk_add_data -client sdk -key apptemplate -value "NA" -context "sdk\\\\hardware/1694732959739"
# webtalk_add_data -client sdk -key RecordType -value "HWCreation" -context "sdk\\\\hardware/1694732959739"
# webtalk_add_data -client sdk -key uid -value "1694733021668" -context "sdk\\\\bsp/1694733021668"
# webtalk_add_data -client sdk -key hwid -value "1694732959739" -context "sdk\\\\bsp/1694733021668"
# webtalk_add_data -client sdk -key os -value "standalone" -context "sdk\\\\bsp/1694733021668"
# webtalk_add_data -client sdk -key apptemplate -value "hello_world" -context "sdk\\\\bsp/1694733021668"
# webtalk_add_data -client sdk -key RecordType -value "BSPCreation" -context "sdk\\\\bsp/1694733021668"
# webtalk_add_data -client sdk -key uid -value "1694733026061" -context "sdk\\\\application/1694733026061"
# webtalk_add_data -client sdk -key hwid -value "1694732959739" -context "sdk\\\\application/1694733026061"
# webtalk_add_data -client sdk -key bspid -value "1694733021668" -context "sdk\\\\application/1694733026061"
# webtalk_add_data -client sdk -key newbsp -value "true" -context "sdk\\\\application/1694733026061"
# webtalk_add_data -client sdk -key os -value "standalone" -context "sdk\\\\application/1694733026061"
# webtalk_add_data -client sdk -key apptemplate -value "hello_world" -context "sdk\\\\application/1694733026061"
# webtalk_add_data -client sdk -key RecordType -value "APPCreation" -context "sdk\\\\application/1694733026061"
# webtalk_add_data -client sdk -key LangUsed -value "C" -context "sdk\\\\application/1694733026061"
# webtalk_add_data -client sdk -key Procused -value "microblaze" -context "sdk\\\\application/1694733026061"
# webtalk_add_data -client sdk -key projSize -value "108.3984375" -context "sdk\\\\application/1694733026061"
# webtalk_add_data -client sdk -key uid -value "NA" -context "sdk\\\\bsp/1694782412576"
# webtalk_add_data -client sdk -key RecordType -value "ToolUsage" -context "sdk\\\\bsp/1694782412576"
# webtalk_add_data -client sdk -key BootgenCount -value "0" -context "sdk\\\\bsp/1694782412576"
# webtalk_add_data -client sdk -key DebugCount -value "0" -context "sdk\\\\bsp/1694782412576"
# webtalk_add_data -client sdk -key PerfCount -value "0" -context "sdk\\\\bsp/1694782412576"
# webtalk_add_data -client sdk -key FlashCount -value "0" -context "sdk\\\\bsp/1694782412576"
# webtalk_add_data -client sdk -key CrossTriggCount -value "0" -context "sdk\\\\bsp/1694782412576"
# webtalk_add_data -client sdk -key QemuDebugCount -value "0" -context "sdk\\\\bsp/1694782412576"
# webtalk_transmit -clientid 2668197963 -regid "" -xml C:\\Users\\User\\ITMO\\SoC\\lab1\\lab1.sdk\\webtalk\\usage_statistics_ext_sdk.xml -html C:\\Users\\User\\ITMO\\SoC\\lab1\\lab1.sdk\\webtalk\\usage_statistics_ext_sdk.html -wdm C:\\Users\\User\\ITMO\\SoC\\lab1\\lab1.sdk\\webtalk\\sdk_webtalk.wdm -intro "<H3>SDK Usage Report</H3><BR>"
# webtalk_terminate
INFO: [Common 17-206] Exiting Webtalk at Fri Sep 15 15:53:37 2023...
