02:09:00 INFO  : Registering command handlers for SDK TCF services
02:09:01 INFO  : Launching XSCT server: xsct.bat -interactive C:\Users\User\ITMO\SoC\lab1\lab1.sdk\temp_xsdb_launch_script.tcl
02:09:06 INFO  : XSCT server has started successfully.
02:09:13 INFO  : Successfully done setting XSCT server connection channel  
02:09:13 INFO  : Successfully done setting SDK workspace  
02:09:13 INFO  : Processing command line option -hwspec C:/Users/User/ITMO/SoC/lab1/lab1.sdk/lab1_design_wrapper.hdf.
03:12:57 INFO  : SDK has detected change in the last modified timestamps for source hardware specification file Source:1694736775363,  Project:1694732847471
03:12:57 INFO  : Project lab1_design_wrapper_hw_platform_0's source hardware specification located at C:/Users/User/ITMO/SoC/lab1/lab1.sdk/lab1_design_wrapper.hdf is now different from the local copy.
		 The local copy will be replaced with the source specification and your workspace will be updated.
03:13:18 INFO  : Copied contents of C:/Users/User/ITMO/SoC/lab1/lab1.sdk/lab1_design_wrapper.hdf into \lab1_design_wrapper_hw_platform_0\system.hdf.
03:13:19 INFO  : Synchronizing projects in the workspace with the hardware platform specification changes.
03:13:22 INFO  : 
03:13:23 INFO  : Updating hardware inferred compiler options for FIR_filter.
03:13:23 INFO  : Clearing existing target manager status.
03:13:23 INFO  : Closing and re-opening the MSS file of ther project FIR_filter_bsp
03:13:23 INFO  : Closing and re-opening the MSS file of ther project FIR_filter_bsp
03:13:24 INFO  : Workspace synchronized with the new hardware specification file. Cleaning dependent projects...
03:13:25 WARN  : Linker script will not be updated automatically. Users need to update it manually.
13:17:19 INFO  : SDK has detected change in the last modified timestamps for source hardware specification file Source:1694773037970,  Project:1694736775363
13:17:19 INFO  : Project lab1_design_wrapper_hw_platform_0's source hardware specification located at C:/Users/User/ITMO/SoC/lab1/lab1.sdk/lab1_design_wrapper.hdf is now different from the local copy.
		 The local copy will be replaced with the source specification and your workspace will be updated.
13:17:21 INFO  : Copied contents of C:/Users/User/ITMO/SoC/lab1/lab1.sdk/lab1_design_wrapper.hdf into \lab1_design_wrapper_hw_platform_0\system.hdf.
13:17:21 INFO  : Synchronizing projects in the workspace with the hardware platform specification changes.
13:17:26 INFO  : 
13:17:27 INFO  : Updating hardware inferred compiler options for FIR_filter.
13:17:27 INFO  : Clearing existing target manager status.
13:17:27 INFO  : Closing and re-opening the MSS file of ther project FIR_filter_bsp
13:17:27 INFO  : Workspace synchronized with the new hardware specification file. Cleaning dependent projects...
13:17:28 WARN  : Linker script will not be updated automatically. Users need to update it manually.
14:32:09 INFO  : Registering command handlers for SDK TCF services
14:32:10 INFO  : Launching XSCT server: xsct.bat -interactive C:\Users\User\ITMO\SoC\lab1\lab1.sdk\temp_xsdb_launch_script.tcl
14:32:15 INFO  : XSCT server has started successfully.
14:32:20 INFO  : Successfully done setting XSCT server connection channel  
14:32:20 INFO  : Successfully done setting SDK workspace  
14:32:20 INFO  : Processing command line option -hwspec C:/Users/User/ITMO/SoC/lab1/lab1.sdk/lab1_design_wrapper.hdf.
14:32:21 INFO  : Checking for hwspec changes in the project lab1_design_wrapper_hw_platform_0.
21:35:25 INFO  : Registering command handlers for SDK TCF services
21:35:25 INFO  : Launching XSCT server: xsct.bat -interactive C:\Users\User\ITMO\SoC\lab1\lab1.sdk\temp_xsdb_launch_script.tcl
21:35:30 INFO  : XSCT server has started successfully.
21:35:30 INFO  : Successfully done setting XSCT server connection channel  
21:35:35 INFO  : Successfully done setting SDK workspace  
21:35:35 INFO  : Processing command line option -hwspec C:/Users/User/ITMO/SoC/lab1/lab1.sdk/lab1_design_wrapper.hdf.
21:35:35 INFO  : Checking for hwspec changes in the project lab1_design_wrapper_hw_platform_0.
16:34:30 INFO  : Registering command handlers for SDK TCF services
16:34:31 INFO  : Launching XSCT server: xsct.bat -interactive C:\Users\User\ITMO\SoC\lab1\lab1.sdk\temp_xsdb_launch_script.tcl
16:34:35 INFO  : XSCT server has started successfully.
16:34:35 INFO  : Successfully done setting XSCT server connection channel  
16:34:40 INFO  : Successfully done setting SDK workspace  
16:34:40 INFO  : Processing command line option -hwspec C:/Users/User/ITMO/SoC/lab1/lab1.sdk/lab1_design_wrapper.hdf.
16:34:44 INFO  : Checking for hwspec changes in the project lab1_design_wrapper_hw_platform_0.
16:34:44 INFO  : SDK has detected change in the last modified timestamps for source hardware specification file Source:1699018435907,  Project:1694773037970
16:34:44 INFO  : The hardware specification for project 'lab1_design_wrapper_hw_platform_0' is different from C:/Users/User/ITMO/SoC/lab1/lab1.sdk/lab1_design_wrapper.hdf.
16:34:44 INFO  : Copied contents of C:/Users/User/ITMO/SoC/lab1/lab1.sdk/lab1_design_wrapper.hdf into \lab1_design_wrapper_hw_platform_0\system.hdf.
16:34:44 INFO  : Synchronizing projects in the workspace with the hardware platform specification changes.
16:34:47 INFO  : 
16:34:56 INFO  : Updating hardware inferred compiler options for FIR_filter.
16:34:56 INFO  : Clearing existing target manager status.
16:49:22 INFO  : SDK has detected change in the last modified timestamps for source hardware specification file Source:1699019359380,  Project:1699018435907
16:49:22 INFO  : Project lab1_design_wrapper_hw_platform_0's source hardware specification located at C:/Users/User/ITMO/SoC/lab1/lab1.sdk/lab1_design_wrapper.hdf is now different from the local copy.
		 The local copy will be replaced with the source specification and your workspace will be updated.
17:01:13 INFO  : Launching XSCT server: xsct.bat -interactive C:\Users\User\ITMO\SoC\lab3\lab3.sdk\temp_xsdb_launch_script.tcl
17:01:16 INFO  : XSCT server has started successfully.
17:01:19 INFO  : Successfully done setting XSCT server connection channel  
17:01:19 INFO  : Successfully done setting SDK workspace  
17:01:21 INFO  : Registering command handlers for SDK TCF services
17:01:22 INFO  : Processing command line option -hwspec C:/Users/User/ITMO/SoC/lab3/lab3.sdk/lab1_design_wrapper.hdf.
17:01:27 INFO  : SDK has detected change in the last modified timestamps for source hardware specification file Source:1699019359380,  Project:1699018435907
17:01:27 INFO  : Project lab1_design_wrapper_hw_platform_0's source hardware specification located at C:/Users/User/ITMO/SoC/lab1/lab1.sdk/lab1_design_wrapper.hdf is now different from the local copy.
		 The local copy will be replaced with the source specification and your workspace will be updated.
17:01:33 INFO  : Copied contents of C:/Users/User/ITMO/SoC/lab1/lab1.sdk/lab1_design_wrapper.hdf into \lab1_design_wrapper_hw_platform_0\system.hdf.
17:01:33 INFO  : Synchronizing projects in the workspace with the hardware platform specification changes.
17:01:35 INFO  : 
17:01:36 INFO  : Updating hardware inferred compiler options for FIR_filter.
17:01:36 INFO  : Clearing existing target manager status.
17:03:15 INFO  : Registering command handlers for SDK TCF services
17:03:16 INFO  : Launching XSCT server: xsct.bat -interactive C:\Users\User\ITMO\SoC\lab3\lab3.sdk\temp_xsdb_launch_script.tcl
17:03:19 INFO  : XSCT server has started successfully.
17:03:19 INFO  : Successfully done setting XSCT server connection channel  
17:03:19 INFO  : Successfully done setting SDK workspace  
17:03:19 INFO  : Processing command line option -hwspec C:/Users/User/ITMO/SoC/lab3/lab3.sdk/lab1_design_wrapper.hdf.
17:03:19 INFO  : Checking for hwspec changes in the project lab1_design_wrapper_hw_platform_1.
02:41:56 INFO  : Registering command handlers for SDK TCF services
02:41:57 INFO  : Launching XSCT server: xsct.bat -interactive C:\Users\User\ITMO\SoC\lab3\lab3.sdk\temp_xsdb_launch_script.tcl
02:42:01 INFO  : XSCT server has started successfully.
02:42:05 INFO  : Successfully done setting XSCT server connection channel  
02:42:05 INFO  : Successfully done setting SDK workspace  
02:42:05 INFO  : Processing command line option -hwspec C:/Users/User/ITMO/SoC/lab3/lab3.sdk/lab1_design_wrapper.hdf.
02:42:05 INFO  : Checking for hwspec changes in the project lab1_design_wrapper_hw_platform_1.
13:26:10 INFO  : SDK has detected change in the last modified timestamps for source hardware specification file Source:1699611967815,  Project:1699020058805
13:26:10 INFO  : Project lab1_design_wrapper_hw_platform_1's source hardware specification located at C:/Users/User/ITMO/SoC/lab3/lab3.sdk/lab1_design_wrapper.hdf is now different from the local copy.
		 The local copy will be replaced with the source specification and your workspace will be updated.
13:27:06 INFO  : Copied contents of C:/Users/User/ITMO/SoC/lab3/lab3.sdk/lab1_design_wrapper.hdf into \lab1_design_wrapper_hw_platform_1\system.hdf.
13:27:07 INFO  : Synchronizing projects in the workspace with the hardware platform specification changes.
13:27:07 INFO  : Clearing existing target manager status.
13:27:07 INFO  : Workspace synchronized with the new hardware specification file. Cleaning dependent projects...
13:27:07 WARN  : Linker script will not be updated automatically. Users need to update it manually.
12:04:00 INFO  : Registering command handlers for SDK TCF services
12:04:02 INFO  : Launching XSCT server: xsct.bat -interactive E:\SoC\lab3\lab3.sdk\temp_xsdb_launch_script.tcl
12:04:07 INFO  : XSCT server has started successfully.
12:04:12 INFO  : Successfully done setting XSCT server connection channel  
12:04:12 INFO  : Successfully done setting SDK workspace  
12:04:12 INFO  : Processing command line option -hwspec E:/SoC/lab3/lab3.sdk/lab1_design_wrapper.hdf.
12:04:27 INFO  : SDK has detected change in the last modified timestamps for source hardware specification file Source:1702976666864,  Project:1699611967815
12:04:27 INFO  : Project lab1_design_wrapper_hw_platform_0's source hardware specification located at E:/SoC/lab3/lab3.sdk/lab1_design_wrapper.hdf is now different from the local copy.
		 The local copy will be replaced with the source specification and your workspace will be updated.
12:05:04 INFO  : Copied contents of E:/SoC/lab3/lab3.sdk/lab1_design_wrapper.hdf into \lab1_design_wrapper_hw_platform_0\system.hdf.
12:05:05 INFO  : Synchronizing projects in the workspace with the hardware platform specification changes.
12:05:08 INFO  : 
12:05:09 INFO  : Updating hardware inferred compiler options for FIR_filter.
12:05:09 INFO  : Clearing existing target manager status.
12:11:24 INFO  : Registering command handlers for SDK TCF services
12:11:25 INFO  : Launching XSCT server: xsct.bat -interactive E:\SoC\lab3\lab3.sdk\temp_xsdb_launch_script.tcl
12:11:28 INFO  : XSCT server has started successfully.
12:11:28 INFO  : Successfully done setting XSCT server connection channel  
12:11:28 INFO  : Successfully done setting SDK workspace  
12:11:28 INFO  : Processing command line option -hwspec E:/SoC/lab3/lab3.sdk/lab1_design_wrapper.hdf.
12:11:28 INFO  : Checking for hwspec changes in the project lab1_design_wrapper_hw_platform_0.
13:10:37 INFO  : Registering command handlers for SDK TCF services
13:10:38 INFO  : Launching XSCT server: xsct.bat -interactive E:\SoC\lab3\lab3.sdk\temp_xsdb_launch_script.tcl
13:10:44 INFO  : XSCT server has started successfully.
13:10:44 INFO  : Successfully done setting XSCT server connection channel  
13:10:48 INFO  : Successfully done setting SDK workspace  
13:10:48 INFO  : Processing command line option -hwspec E:/SoC/lab3/lab3.sdk/lab1_design_wrapper.hdf.
13:10:48 INFO  : Checking for hwspec changes in the project lab1_design_wrapper_hw_platform_0.
17:02:15 INFO  : Registering command handlers for SDK TCF services
17:02:16 INFO  : Launching XSCT server: xsct.bat -interactive E:\SoC\lab3\lab3.sdk\temp_xsdb_launch_script.tcl
17:02:21 INFO  : XSCT server has started successfully.
17:02:25 INFO  : Successfully done setting XSCT server connection channel  
17:02:25 INFO  : Successfully done setting SDK workspace  
17:02:25 INFO  : Processing command line option -hwspec E:/SoC/lab3/lab3.sdk/lab1_design_wrapper.hdf.
17:02:25 INFO  : Checking for hwspec changes in the project lab1_design_wrapper_hw_platform_0.
17:04:37 ERROR : Failed to openhw "E:/SoC/lab3/lab3.sdk/lab1_design_wrapper_hw_platform_1/system.hdf"
Reason: The application has run out of memory
02:29:10 INFO  : Registering command handlers for SDK TCF services
02:29:12 INFO  : Launching XSCT server: xsct.bat -interactive E:\SoC\lab3\lab3.sdk\temp_xsdb_launch_script.tcl
02:29:18 INFO  : XSCT server has started successfully.
02:29:23 INFO  : Successfully done setting XSCT server connection channel  
02:29:23 INFO  : Successfully done setting SDK workspace  
02:29:23 INFO  : Processing command line option -hwspec E:/SoC/lab3/lab3.sdk/lab1_design_wrapper.hdf.
02:29:23 INFO  : Checking for hwspec changes in the project lab1_design_wrapper_hw_platform_0.
