Copyright 1986-2019 Xilinx, Inc. All Rights Reserved.
-------------------------------------------------------------------------------------------------------------------------------------------------------------------------------
| Tool Version     : Vivado v.2019.1 (win64) Build 2552052 Fri May 24 14:49:42 MDT 2019
| Date             : Fri Dec 22 11:14:47 2023
| Host             : andrey running 64-bit major release  (build 9200)
| Command          : report_power -file lab1_design_wrapper_power_routed.rpt -pb lab1_design_wrapper_power_summary_routed.pb -rpx lab1_design_wrapper_power_routed.rpx
| Design           : lab1_design_wrapper
| Device           : xc7a100tcsg324-1
| Design State     : routed
| Grade            : commercial
| Process          : typical
| Characterization : Production
-------------------------------------------------------------------------------------------------------------------------------------------------------------------------------

Power Report

Table of Contents
-----------------
1. Summary
1.1 On-Chip Components
1.2 Power Supply Summary
1.3 Confidence Level
2. Settings
2.1 Environment
2.2 Clock Constraints
3. Detailed Reports
3.1 By Hierarchy

1. Summary
----------

+--------------------------+--------------+
| Total On-Chip Power (W)  | 0.265        |
| Design Power Budget (W)  | Unspecified* |
| Power Budget Margin (W)  | NA           |
| Dynamic (W)              | 0.164        |
| Device Static (W)        | 0.101        |
| Effective TJA (C/W)      | 4.6          |
| Max Ambient (C)          | 83.8         |
| Junction Temperature (C) | 26.2         |
| Confidence Level         | Low          |
| Setting File             | ---          |
| Simulation Activity File | ---          |
| Design Nets Matched      | NA           |
+--------------------------+--------------+
* Specify Design Power Budget using, set_operating_conditions -design_power_budget <value in Watts>


1.1 On-Chip Components
----------------------

+--------------------------+-----------+----------+-----------+-----------------+
| On-Chip                  | Power (W) | Used     | Available | Utilization (%) |
+--------------------------+-----------+----------+-----------+-----------------+
| Clocks                   |     0.014 |        7 |       --- |             --- |
| Slice Logic              |     0.005 |     5877 |       --- |             --- |
|   LUT as Logic           |     0.004 |     2186 |     63400 |            3.45 |
|   LUT as Distributed RAM |    <0.001 |       64 |     19000 |            0.34 |
|   CARRY4                 |    <0.001 |      105 |     15850 |            0.66 |
|   Register               |    <0.001 |     2182 |    126800 |            1.72 |
|   F7/F8 Muxes            |    <0.001 |      119 |     63400 |            0.19 |
|   LUT as Shift Register  |    <0.001 |       87 |     19000 |            0.46 |
|   Others                 |    <0.001 |      636 |       --- |             --- |
| Signals                  |     0.015 |     4357 |       --- |             --- |
| Block RAM                |     0.014 |       64 |       135 |           47.41 |
| MMCM                     |     0.106 |        1 |         6 |           16.67 |
| DSPs                     |     0.004 |        5 |       240 |            2.08 |
| I/O                      |     0.006 |       36 |       210 |           17.14 |
| Static Power             |     0.101 |          |           |                 |
| Total                    |     0.265 |          |           |                 |
+--------------------------+-----------+----------+-----------+-----------------+


1.2 Power Supply Summary
------------------------

+-----------+-------------+-----------+-------------+------------+
| Source    | Voltage (V) | Total (A) | Dynamic (A) | Static (A) |
+-----------+-------------+-----------+-------------+------------+
| Vccint    |       1.000 |     0.069 |       0.052 |      0.017 |
| Vccaux    |       1.800 |     0.077 |       0.059 |      0.018 |
| Vcco33    |       3.300 |     0.006 |       0.002 |      0.004 |
| Vcco25    |       2.500 |     0.000 |       0.000 |      0.000 |
| Vcco18    |       1.800 |     0.000 |       0.000 |      0.000 |
| Vcco15    |       1.500 |     0.000 |       0.000 |      0.000 |
| Vcco135   |       1.350 |     0.000 |       0.000 |      0.000 |
| Vcco12    |       1.200 |     0.000 |       0.000 |      0.000 |
| Vccaux_io |       1.800 |     0.000 |       0.000 |      0.000 |
| Vccbram   |       1.000 |     0.003 |       0.001 |      0.002 |
| MGTAVcc   |       1.000 |     0.000 |       0.000 |      0.000 |
| MGTAVtt   |       1.200 |     0.000 |       0.000 |      0.000 |
| Vccadc    |       1.800 |     0.020 |       0.000 |      0.020 |
+-----------+-------------+-----------+-------------+------------+


1.3 Confidence Level
--------------------

+-----------------------------+------------+--------------------------------------------------------+------------------------------------------------------------------------------------------------------------+
| User Input Data             | Confidence | Details                                                | Action                                                                                                     |
+-----------------------------+------------+--------------------------------------------------------+------------------------------------------------------------------------------------------------------------+
| Design implementation state | High       | Design is routed                                       |                                                                                                            |
| Clock nodes activity        | High       | User specified more than 95% of clocks                 |                                                                                                            |
| I/O nodes activity          | Low        | More than 75% of inputs are missing user specification | Provide missing input activity with simulation results or by editing the "By Resource Type -> I/Os" view   |
| Internal nodes activity     | Medium     | User specified less than 25% of internal nodes         | Provide missing internal nodes activity with simulation results or by editing the "By Resource Type" views |
| Device models               | High       | Device models are Production                           |                                                                                                            |
|                             |            |                                                        |                                                                                                            |
| Overall confidence level    | Low        |                                                        |                                                                                                            |
+-----------------------------+------------+--------------------------------------------------------+------------------------------------------------------------------------------------------------------------+


2. Settings
-----------

2.1 Environment
---------------

+-----------------------+--------------------------+
| Ambient Temp (C)      | 25.0                     |
| ThetaJA (C/W)         | 4.6                      |
| Airflow (LFM)         | 250                      |
| Heat Sink             | medium (Medium Profile)  |
| ThetaSA (C/W)         | 4.6                      |
| Board Selection       | medium (10"x10")         |
| # of Board Layers     | 12to15 (12 to 15 Layers) |
| Board Temperature (C) | 25.0                     |
+-----------------------+--------------------------+


2.2 Clock Constraints
---------------------

+---------------------------------------------------------------+---------------------------------------------------------------+-----------------+
| Clock                                                         | Domain                                                        | Constraint (ns) |
+---------------------------------------------------------------+---------------------------------------------------------------+-----------------+
| clk_out1_lab1_design_clk_wiz_1_0                              | lab1_design_i/clk_wiz_1/inst/clk_out1_lab1_design_clk_wiz_1_0 |            10.0 |
| clkfbout_lab1_design_clk_wiz_1_0                              | lab1_design_i/clk_wiz_1/inst/clkfbout_lab1_design_clk_wiz_1_0 |            10.0 |
| lab1_design_i/mdm_1/U0/Use_E2.BSCAN_I/Use_E2.BSCANE2_I/DRCK   | lab1_design_i/mdm_1/U0/Use_E2.BSCAN_I/DRCK                    |            33.3 |
| lab1_design_i/mdm_1/U0/Use_E2.BSCAN_I/Use_E2.BSCANE2_I/UPDATE | lab1_design_i/mdm_1/U0/Use_E2.BSCAN_I/Dbg_Update_0            |            33.3 |
| sys_clock                                                     | sys_clock                                                     |            10.0 |
+---------------------------------------------------------------+---------------------------------------------------------------+-----------------+


3. Detailed Reports
-------------------

3.1 By Hierarchy
----------------

+-------------------------------+-----------+
| Name                          | Power (W) |
+-------------------------------+-----------+
| lab1_design_wrapper           |     0.164 |
|   lab1_design_i               |     0.158 |
|     axi_gpio_0                |     0.002 |
|       U0                      |     0.002 |
|     clk_wiz_1                 |     0.106 |
|       inst                    |     0.106 |
|     microblaze_0              |     0.032 |
|       U0                      |     0.032 |
|     microblaze_0_local_memory |     0.015 |
|       lmb_bram                |     0.015 |
+-------------------------------+-----------+


