Copyright 1986-2019 Xilinx, Inc. All Rights Reserved.
-----------------------------------------------------------------------------------------------------------------------------------------------------------------------------------------------
| Tool Version : Vivado v.2019.1 (win64) Build 2552052 Fri May 24 14:49:42 MDT 2019
| Date         : Fri Dec 22 11:14:44 2023
| Host         : andrey running 64-bit major release  (build 9200)
| Command      : report_methodology -file lab1_design_wrapper_methodology_drc_routed.rpt -pb lab1_design_wrapper_methodology_drc_routed.pb -rpx lab1_design_wrapper_methodology_drc_routed.rpx
| Design       : lab1_design_wrapper
| Device       : xc7a100tcsg324-1
| Speed File   : -1
| Design State : Fully Routed
-----------------------------------------------------------------------------------------------------------------------------------------------------------------------------------------------

Report Methodology

Table of Contents
-----------------
1. REPORT SUMMARY
2. REPORT DETAILS

1. REPORT SUMMARY
-----------------
            Netlist: netlist
          Floorplan: design_1
      Design limits: <entire design considered>
             Max violations: <unlimited>
             Violations found: 39
+-----------+----------+-------------------------------+------------+
| Rule      | Severity | Description                   | Violations |
+-----------+----------+-------------------------------+------------+
| LUTAR-1   | Warning  | LUT drives async reset alert  | 3          |
| TIMING-9  | Warning  | Unknown CDC Logic             | 1          |
| TIMING-18 | Warning  | Missing input or output delay | 35         |
+-----------+----------+-------------------------------+------------+

2. REPORT DETAILS
-----------------
LUTAR-1#1 Warning
LUT drives async reset alert  
LUT cell lab1_design_i/mdm_1/U0/MDM_Core_I1/JTAG_CONTROL_I/sel_n_i_2, with 2 or more inputs, drives asynchronous preset/clear pin(s) lab1_design_i/mdm_1/U0/MDM_Core_I1/JTAG_CONTROL_I/sel_n_reg/PRE. The LUT may glitch and trigger an unexpected reset, even if it is a properly timed path.
Related violations: <none>

LUTAR-1#2 Warning
LUT drives async reset alert  
LUT cell lab1_design_i/mdm_1/U0/Use_E2.BSCAN_I/Use_Serial_Unified_Completion.completion_status[15]_i_1, with 2 or more inputs, drives asynchronous preset/clear pin(s) lab1_design_i/mdm_1/U0/MDM_Core_I1/Use_BSCAN.Config_Reg_reg[0]/CLR, lab1_design_i/mdm_1/U0/MDM_Core_I1/Use_BSCAN.Config_Reg_reg[10]/CLR, lab1_design_i/mdm_1/U0/MDM_Core_I1/Use_BSCAN.Config_Reg_reg[26]/CLR, lab1_design_i/mdm_1/U0/MDM_Core_I1/Use_BSCAN.Config_Reg_reg[3]/CLR, lab1_design_i/mdm_1/U0/MDM_Core_I1/Use_BSCAN.Config_Reg_reg_c/CLR, lab1_design_i/mdm_1/U0/MDM_Core_I1/Use_BSCAN.Config_Reg_reg_c_0/CLR, lab1_design_i/mdm_1/U0/MDM_Core_I1/Use_BSCAN.Config_Reg_reg_c_1/CLR, lab1_design_i/mdm_1/U0/MDM_Core_I1/Use_BSCAN.Config_Reg_reg_c_10/CLR, lab1_design_i/mdm_1/U0/MDM_Core_I1/Use_BSCAN.Config_Reg_reg_c_11/CLR, lab1_design_i/mdm_1/U0/MDM_Core_I1/Use_BSCAN.Config_Reg_reg_c_12/CLR, lab1_design_i/mdm_1/U0/MDM_Core_I1/Use_BSCAN.Config_Reg_reg_c_2/CLR, lab1_design_i/mdm_1/U0/MDM_Core_I1/Use_BSCAN.Config_Reg_reg_c_3/CLR, lab1_design_i/mdm_1/U0/MDM_Core_I1/Use_BSCAN.Config_Reg_reg_c_4/CLR, lab1_design_i/mdm_1/U0/MDM_Core_I1/Use_BSCAN.Config_Reg_reg_c_5/CLR, lab1_design_i/mdm_1/U0/MDM_Core_I1/Use_BSCAN.Config_Reg_reg_c_6/CLR (the first 15 of 23 listed). The LUT may glitch and trigger an unexpected reset, even if it is a properly timed path.
Related violations: <none>

LUTAR-1#3 Warning
LUT drives async reset alert  
LUT cell lab1_design_i/mdm_1/U0/Use_E2.BSCAN_I/Use_Serial_Unified_Completion.completion_status[15]_i_1, with 2 or more inputs, drives asynchronous preset/clear pin(s) lab1_design_i/mdm_1/U0/MDM_Core_I1/Use_BSCAN.PORT_Selector_1_reg[0]/CLR, lab1_design_i/mdm_1/U0/MDM_Core_I1/Use_BSCAN.PORT_Selector_1_reg[1]/CLR, lab1_design_i/mdm_1/U0/MDM_Core_I1/Use_BSCAN.PORT_Selector_1_reg[2]/CLR, lab1_design_i/mdm_1/U0/MDM_Core_I1/Use_BSCAN.PORT_Selector_1_reg[3]/CLR, lab1_design_i/mdm_1/U0/MDM_Core_I1/Use_BSCAN.PORT_Selector_reg[0]/CLR, lab1_design_i/mdm_1/U0/MDM_Core_I1/Use_BSCAN.PORT_Selector_reg[1]/CLR, lab1_design_i/mdm_1/U0/MDM_Core_I1/Use_BSCAN.PORT_Selector_reg[2]/CLR, lab1_design_i/mdm_1/U0/MDM_Core_I1/Use_BSCAN.PORT_Selector_reg[3]/CLR, lab1_design_i/mdm_1/U0/MDM_Core_I1/Use_BSCAN.TDI_Shifter_reg[0]/CLR, lab1_design_i/mdm_1/U0/MDM_Core_I1/Use_BSCAN.TDI_Shifter_reg[1]/CLR, lab1_design_i/mdm_1/U0/MDM_Core_I1/Use_BSCAN.TDI_Shifter_reg[2]/CLR, lab1_design_i/mdm_1/U0/MDM_Core_I1/Use_BSCAN.TDI_Shifter_reg[3]/CLR. The LUT may glitch and trigger an unexpected reset, even if it is a properly timed path.
Related violations: <none>

TIMING-9#1 Warning
Unknown CDC Logic  
One or more asynchronous Clock Domain Crossing has been detected between 2 clock domains through a set_false_path or a set_clock_groups or set_max_delay -datapath_only constraint but no double-registers logic synchronizer has been found on the side of the capture clock. It is recommended to run report_cdc for a complete and detailed CDC coverage. Please consider using XPM_CDC to avoid Critical severities
Related violations: <none>

TIMING-18#1 Warning
Missing input or output delay  
An input delay is missing on dip_switches_16bits_tri_i[0] relative to clock(s) sys_clock
Related violations: <none>

TIMING-18#2 Warning
Missing input or output delay  
An input delay is missing on dip_switches_16bits_tri_i[10] relative to clock(s) sys_clock
Related violations: <none>

TIMING-18#3 Warning
Missing input or output delay  
An input delay is missing on dip_switches_16bits_tri_i[11] relative to clock(s) sys_clock
Related violations: <none>

TIMING-18#4 Warning
Missing input or output delay  
An input delay is missing on dip_switches_16bits_tri_i[12] relative to clock(s) sys_clock
Related violations: <none>

TIMING-18#5 Warning
Missing input or output delay  
An input delay is missing on dip_switches_16bits_tri_i[13] relative to clock(s) sys_clock
Related violations: <none>

TIMING-18#6 Warning
Missing input or output delay  
An input delay is missing on dip_switches_16bits_tri_i[14] relative to clock(s) sys_clock
Related violations: <none>

TIMING-18#7 Warning
Missing input or output delay  
An input delay is missing on dip_switches_16bits_tri_i[15] relative to clock(s) sys_clock
Related violations: <none>

TIMING-18#8 Warning
Missing input or output delay  
An input delay is missing on dip_switches_16bits_tri_i[1] relative to clock(s) sys_clock
Related violations: <none>

TIMING-18#9 Warning
Missing input or output delay  
An input delay is missing on dip_switches_16bits_tri_i[2] relative to clock(s) sys_clock
Related violations: <none>

TIMING-18#10 Warning
Missing input or output delay  
An input delay is missing on dip_switches_16bits_tri_i[3] relative to clock(s) sys_clock
Related violations: <none>

TIMING-18#11 Warning
Missing input or output delay  
An input delay is missing on dip_switches_16bits_tri_i[4] relative to clock(s) sys_clock
Related violations: <none>

TIMING-18#12 Warning
Missing input or output delay  
An input delay is missing on dip_switches_16bits_tri_i[5] relative to clock(s) sys_clock
Related violations: <none>

TIMING-18#13 Warning
Missing input or output delay  
An input delay is missing on dip_switches_16bits_tri_i[6] relative to clock(s) sys_clock
Related violations: <none>

TIMING-18#14 Warning
Missing input or output delay  
An input delay is missing on dip_switches_16bits_tri_i[7] relative to clock(s) sys_clock
Related violations: <none>

TIMING-18#15 Warning
Missing input or output delay  
An input delay is missing on dip_switches_16bits_tri_i[8] relative to clock(s) sys_clock
Related violations: <none>

TIMING-18#16 Warning
Missing input or output delay  
An input delay is missing on dip_switches_16bits_tri_i[9] relative to clock(s) sys_clock
Related violations: <none>

TIMING-18#17 Warning
Missing input or output delay  
An input delay is missing on led_16bits_tri_io[0] relative to clock(s) sys_clock
Related violations: <none>

TIMING-18#18 Warning
Missing input or output delay  
An input delay is missing on led_16bits_tri_io[10] relative to clock(s) sys_clock
Related violations: <none>

TIMING-18#19 Warning
Missing input or output delay  
An input delay is missing on led_16bits_tri_io[11] relative to clock(s) sys_clock
Related violations: <none>

TIMING-18#20 Warning
Missing input or output delay  
An input delay is missing on led_16bits_tri_io[12] relative to clock(s) sys_clock
Related violations: <none>

TIMING-18#21 Warning
Missing input or output delay  
An input delay is missing on led_16bits_tri_io[13] relative to clock(s) sys_clock
Related violations: <none>

TIMING-18#22 Warning
Missing input or output delay  
An input delay is missing on led_16bits_tri_io[14] relative to clock(s) sys_clock
Related violations: <none>

TIMING-18#23 Warning
Missing input or output delay  
An input delay is missing on led_16bits_tri_io[15] relative to clock(s) sys_clock
Related violations: <none>

TIMING-18#24 Warning
Missing input or output delay  
An input delay is missing on led_16bits_tri_io[1] relative to clock(s) sys_clock
Related violations: <none>

TIMING-18#25 Warning
Missing input or output delay  
An input delay is missing on led_16bits_tri_io[2] relative to clock(s) sys_clock
Related violations: <none>

TIMING-18#26 Warning
Missing input or output delay  
An input delay is missing on led_16bits_tri_io[3] relative to clock(s) sys_clock
Related violations: <none>

TIMING-18#27 Warning
Missing input or output delay  
An input delay is missing on led_16bits_tri_io[4] relative to clock(s) sys_clock
Related violations: <none>

TIMING-18#28 Warning
Missing input or output delay  
An input delay is missing on led_16bits_tri_io[5] relative to clock(s) sys_clock
Related violations: <none>

TIMING-18#29 Warning
Missing input or output delay  
An input delay is missing on led_16bits_tri_io[6] relative to clock(s) sys_clock
Related violations: <none>

TIMING-18#30 Warning
Missing input or output delay  
An input delay is missing on led_16bits_tri_io[7] relative to clock(s) sys_clock
Related violations: <none>

TIMING-18#31 Warning
Missing input or output delay  
An input delay is missing on led_16bits_tri_io[8] relative to clock(s) sys_clock
Related violations: <none>

TIMING-18#32 Warning
Missing input or output delay  
An input delay is missing on led_16bits_tri_io[9] relative to clock(s) sys_clock
Related violations: <none>

TIMING-18#33 Warning
Missing input or output delay  
An input delay is missing on reset relative to clock(s) sys_clock
Related violations: <none>

TIMING-18#34 Warning
Missing input or output delay  
An input delay is missing on usb_uart_rxd relative to clock(s) sys_clock
Related violations: <none>

TIMING-18#35 Warning
Missing input or output delay  
An output delay is missing on usb_uart_txd relative to clock(s) sys_clock
Related violations: <none>


